Analysis & Synthesis report for M3
Sat Jun 13 21:39:21 2015
Quartus II Version 11.0 Build 157 04/27/2011 SJ Web Edition


---------------------
; Table of Contents ;
---------------------
  1. Legal Notice
  2. Analysis & Synthesis Summary
  3. Analysis & Synthesis Settings
  4. Parallel Compilation
  5. Analysis & Synthesis Source Files Read
  6. Analysis & Synthesis Resource Usage Summary
  7. Analysis & Synthesis Resource Utilization by Entity
  8. State Machine - |M3|lcd_demo:inst8|lcd_routine
  9. State Machine - |M3|host_itf:inst1|LED_STATE
 10. State Machine - |M3|host_itf:inst1|state
 11. Registers Removed During Synthesis
 12. Removed Registers Triggering Further Register Optimizations
 13. General Register Statistics
 14. Inverted Register Statistics
 15. Multiplexer Restructuring Statistics (Restructuring Performed)
 16. Parameter Settings for User Entity Instance: host_itf:inst1
 17. Parameter Settings for User Entity Instance: lcd_demo:inst8
 18. Parameter Settings for User Entity Instance: seg_test:inst4
 19. Elapsed Time Per Partition
 20. Analysis & Synthesis Messages



----------------
; Legal Notice ;
----------------
Copyright (C) 1991-2011 Altera Corporation
Your use of Altera Corporation's design tools, logic functions 
and other software and tools, and its AMPP partner logic 
functions, and any output files from any of the foregoing 
(including device programming or simulation files), and any 
associated documentation or information are expressly subject 
to the terms and conditions of the Altera Program License 
Subscription Agreement, Altera MegaCore Function License 
Agreement, or other applicable license agreement, including, 
without limitation, that your use is for the sole purpose of 
programming logic devices manufactured by Altera and sold by 
Altera or its authorized distributors.  Please refer to the 
applicable agreement for further details.



+-------------------------------------------------------------------------------+
; Analysis & Synthesis Summary                                                  ;
+------------------------------------+------------------------------------------+
; Analysis & Synthesis Status        ; Successful - Sat Jun 13 21:39:21 2015    ;
; Quartus II Version                 ; 11.0 Build 157 04/27/2011 SJ Web Edition ;
; Revision Name                      ; M3                                       ;
; Top-level Entity Name              ; M3                                       ;
; Family                             ; Cyclone II                               ;
; Total logic elements               ; 1,665                                    ;
;     Total combinational functions  ; 1,351                                    ;
;     Dedicated logic registers      ; 843                                      ;
; Total registers                    ; 843                                      ;
; Total pins                         ; 179                                      ;
; Total virtual pins                 ; 0                                        ;
; Total memory bits                  ; 0                                        ;
; Embedded Multiplier 9-bit elements ; 0                                        ;
; Total PLLs                         ; 0                                        ;
+------------------------------------+------------------------------------------+


+----------------------------------------------------------------------------------------------------------------------+
; Analysis & Synthesis Settings                                                                                        ;
+----------------------------------------------------------------------------+--------------------+--------------------+
; Option                                                                     ; Setting            ; Default Value      ;
+----------------------------------------------------------------------------+--------------------+--------------------+
; Device                                                                     ; EP2C8F256C8        ;                    ;
; Top-level entity name                                                      ; M3                 ; M3                 ;
; Family name                                                                ; Cyclone II         ; Stratix II         ;
; Use smart compilation                                                      ; Off                ; Off                ;
; Enable parallel Assembler and TimeQuest Timing Analyzer during compilation ; On                 ; On                 ;
; Enable compact report table                                                ; Off                ; Off                ;
; Restructure Multiplexers                                                   ; Auto               ; Auto               ;
; Create Debugging Nodes for IP Cores                                        ; Off                ; Off                ;
; Preserve fewer node names                                                  ; On                 ; On                 ;
; Disable OpenCore Plus hardware evaluation                                  ; Off                ; Off                ;
; Verilog Version                                                            ; Verilog_2001       ; Verilog_2001       ;
; VHDL Version                                                               ; VHDL_1993          ; VHDL_1993          ;
; State Machine Processing                                                   ; Auto               ; Auto               ;
; Safe State Machine                                                         ; Off                ; Off                ;
; Extract Verilog State Machines                                             ; On                 ; On                 ;
; Extract VHDL State Machines                                                ; On                 ; On                 ;
; Ignore Verilog initial constructs                                          ; Off                ; Off                ;
; Iteration limit for constant Verilog loops                                 ; 5000               ; 5000               ;
; Iteration limit for non-constant Verilog loops                             ; 250                ; 250                ;
; Add Pass-Through Logic to Inferred RAMs                                    ; On                 ; On                 ;
; Parallel Synthesis                                                         ; On                 ; On                 ;
; DSP Block Balancing                                                        ; Auto               ; Auto               ;
; NOT Gate Push-Back                                                         ; On                 ; On                 ;
; Power-Up Don't Care                                                        ; On                 ; On                 ;
; Remove Redundant Logic Cells                                               ; Off                ; Off                ;
; Remove Duplicate Registers                                                 ; On                 ; On                 ;
; Ignore CARRY Buffers                                                       ; Off                ; Off                ;
; Ignore CASCADE Buffers                                                     ; Off                ; Off                ;
; Ignore GLOBAL Buffers                                                      ; Off                ; Off                ;
; Ignore ROW GLOBAL Buffers                                                  ; Off                ; Off                ;
; Ignore LCELL Buffers                                                       ; Off                ; Off                ;
; Ignore SOFT Buffers                                                        ; On                 ; On                 ;
; Limit AHDL Integers to 32 Bits                                             ; Off                ; Off                ;
; Optimization Technique                                                     ; Balanced           ; Balanced           ;
; Carry Chain Length                                                         ; 70                 ; 70                 ;
; Auto Carry Chains                                                          ; On                 ; On                 ;
; Auto Open-Drain Pins                                                       ; On                 ; On                 ;
; Perform WYSIWYG Primitive Resynthesis                                      ; Off                ; Off                ;
; Auto ROM Replacement                                                       ; On                 ; On                 ;
; Auto RAM Replacement                                                       ; On                 ; On                 ;
; Auto Shift Register Replacement                                            ; Auto               ; Auto               ;
; Allow Shift Register Merging across Hierarchies                            ; Auto               ; Auto               ;
; Auto Clock Enable Replacement                                              ; On                 ; On                 ;
; Strict RAM Replacement                                                     ; Off                ; Off                ;
; Allow Synchronous Control Signals                                          ; On                 ; On                 ;
; Force Use of Synchronous Clear Signals                                     ; Off                ; Off                ;
; Auto RAM to Logic Cell Conversion                                          ; Off                ; Off                ;
; Auto Resource Sharing                                                      ; Off                ; Off                ;
; Allow Any RAM Size For Recognition                                         ; Off                ; Off                ;
; Allow Any ROM Size For Recognition                                         ; Off                ; Off                ;
; Allow Any Shift Register Size For Recognition                              ; Off                ; Off                ;
; Use LogicLock Constraints during Resource Balancing                        ; On                 ; On                 ;
; Ignore translate_off and synthesis_off directives                          ; Off                ; Off                ;
; Timing-Driven Synthesis                                                    ; Off                ; Off                ;
; Report Parameter Settings                                                  ; On                 ; On                 ;
; Report Source Assignments                                                  ; On                 ; On                 ;
; Report Connectivity Checks                                                 ; On                 ; On                 ;
; Ignore Maximum Fan-Out Assignments                                         ; Off                ; Off                ;
; Synchronization Register Chain Length                                      ; 2                  ; 2                  ;
; PowerPlay Power Optimization                                               ; Normal compilation ; Normal compilation ;
; HDL message level                                                          ; Level2             ; Level2             ;
; Suppress Register Optimization Related Messages                            ; Off                ; Off                ;
; Number of Removed Registers Reported in Synthesis Report                   ; 5000               ; 5000               ;
; Number of Inverted Registers Reported in Synthesis Report                  ; 100                ; 100                ;
; Clock MUX Protection                                                       ; On                 ; On                 ;
; Auto Gated Clock Conversion                                                ; Off                ; Off                ;
; Block Design Naming                                                        ; Auto               ; Auto               ;
; SDC constraint protection                                                  ; Off                ; Off                ;
; Synthesis Effort                                                           ; Auto               ; Auto               ;
; Shift Register Replacement - Allow Asynchronous Clear Signal               ; On                 ; On                 ;
; Analysis & Synthesis Message Level                                         ; Medium             ; Medium             ;
; Disable Register Merging Across Hierarchies                                ; Auto               ; Auto               ;
; Resource Aware Inference For Block RAM                                     ; On                 ; On                 ;
; Synthesis Seed                                                             ; 1                  ; 1                  ;
+----------------------------------------------------------------------------+--------------------+--------------------+


Parallel compilation was disabled, but you have multiple processors available. Enable parallel compilation to reduce compilation time.
+-------------------------------------+
; Parallel Compilation                ;
+----------------------------+--------+
; Processors                 ; Number ;
+----------------------------+--------+
; Number detected on machine ; 4      ;
; Maximum allowed            ; 1      ;
+----------------------------+--------+


+--------------------------------------------------------------------------------------------------------------------------------------------------------+
; Analysis & Synthesis Source Files Read                                                                                                                 ;
+----------------------------------+-----------------+------------------------------------+--------------------------------------------------------------+
; File Name with User-Entered Path ; Used in Netlist ; File Type                          ; File Name with Absolute Path                                 ;
+----------------------------------+-----------------+------------------------------------+--------------------------------------------------------------+
; M3.bdf                           ; yes             ; User Block Diagram/Schematic File  ; C:/Users/Administrator/Desktop/SNU_ESD/M3.bdf                ;
; FPGA_IF/led.v                    ; yes             ; User Verilog HDL File              ; C:/Users/Administrator/Desktop/SNU_ESD/FPGA_IF/led.v         ;
; FPGA_IF/led_pwm_gen.v            ; yes             ; User Verilog HDL File              ; C:/Users/Administrator/Desktop/SNU_ESD/FPGA_IF/led_pwm_gen.v ;
; FPGA_IF/led_clk_gen.v            ; yes             ; User Verilog HDL File              ; C:/Users/Administrator/Desktop/SNU_ESD/FPGA_IF/led_clk_gen.v ;
; FPGA_IF/seg.v                    ; yes             ; User Verilog HDL File              ; C:/Users/Administrator/Desktop/SNU_ESD/FPGA_IF/seg.v         ;
; FPGA_IF/dotmatrix.v              ; yes             ; User Verilog HDL File              ; C:/Users/Administrator/Desktop/SNU_ESD/FPGA_IF/dotmatrix.v   ;
; FPGA_IF/dot_disp.v               ; yes             ; User Verilog HDL File              ; C:/Users/Administrator/Desktop/SNU_ESD/FPGA_IF/dot_disp.v    ;
; FPGA_IF/lcd.v                    ; yes             ; User Verilog HDL File              ; C:/Users/Administrator/Desktop/SNU_ESD/FPGA_IF/lcd.v         ;
; FPGA_IF/CLK_div_gen.v            ; yes             ; User Verilog HDL File              ; C:/Users/Administrator/Desktop/SNU_ESD/FPGA_IF/CLK_div_gen.v ;
; FPGA_IF/data_CONT.v              ; yes             ; User Verilog HDL File              ; C:/Users/Administrator/Desktop/SNU_ESD/FPGA_IF/data_CONT.v   ;
; Host_IF/host_io.v                ; yes             ; User Verilog HDL File              ; C:/Users/Administrator/Desktop/SNU_ESD/Host_IF/host_io.v     ;
; Host_IF/host_itf.v               ; yes             ; User Verilog HDL File              ; C:/Users/Administrator/Desktop/SNU_ESD/Host_IF/host_itf.v    ;
+----------------------------------+-----------------+------------------------------------+--------------------------------------------------------------+


+-------------------------------------------------------+
; Analysis & Synthesis Resource Usage Summary           ;
+---------------------------------------------+---------+
; Resource                                    ; Usage   ;
+---------------------------------------------+---------+
; Estimated Total logic elements              ; 1,665   ;
;                                             ;         ;
; Total combinational functions               ; 1351    ;
; Logic element usage by number of LUT inputs ;         ;
;     -- 4 input functions                    ; 775     ;
;     -- 3 input functions                    ; 169     ;
;     -- <=2 input functions                  ; 407     ;
;                                             ;         ;
; Logic elements by mode                      ;         ;
;     -- normal mode                          ; 1081    ;
;     -- arithmetic mode                      ; 270     ;
;                                             ;         ;
; Total registers                             ; 843     ;
;     -- Dedicated logic registers            ; 843     ;
;     -- I/O registers                        ; 0       ;
;                                             ;         ;
; I/O pins                                    ; 179     ;
; Maximum fan-out node                        ; XnRESET ;
; Maximum fan-out                             ; 458     ;
; Total fan-out                               ; 7569    ;
; Average fan-out                             ; 3.19    ;
+---------------------------------------------+---------+


+----------------------------------------------------------------------------------------------------------------------------------------------------------------------------------------------+
; Analysis & Synthesis Resource Utilization by Entity                                                                                                                                          ;
+----------------------------+-------------------+--------------+-------------+--------------+---------+-----------+------+--------------+--------------------------------------+--------------+
; Compilation Hierarchy Node ; LC Combinationals ; LC Registers ; Memory Bits ; DSP Elements ; DSP 9x9 ; DSP 18x18 ; Pins ; Virtual Pins ; Full Hierarchy Name                  ; Library Name ;
+----------------------------+-------------------+--------------+-------------+--------------+---------+-----------+------+--------------+--------------------------------------+--------------+
; |M3                        ; 1351 (2)          ; 843 (0)      ; 0           ; 0            ; 0       ; 0         ; 179  ; 0            ; |M3                                  ;              ;
;    |CLK_div_gen:inst2|     ; 143 (143)         ; 98 (98)      ; 0           ; 0            ; 0       ; 0         ; 0    ; 0            ; |M3|CLK_div_gen:inst2                ;              ;
;    |data_CONT:inst5|       ; 49 (49)           ; 0 (0)        ; 0           ; 0            ; 0       ; 0         ; 0    ; 0            ; |M3|data_CONT:inst5                  ;              ;
;    |dotmatrix_test:inst6|  ; 94 (44)           ; 81 (62)      ; 0           ; 0            ; 0       ; 0         ; 0    ; 0            ; |M3|dotmatrix_test:inst6             ;              ;
;       |dot_disp:b1|        ; 50 (50)           ; 19 (19)      ; 0           ; 0            ; 0       ; 0         ; 0    ; 0            ; |M3|dotmatrix_test:inst6|dot_disp:b1 ;              ;
;    |host_io:inst|          ; 1 (1)             ; 18 (18)      ; 0           ; 0            ; 0       ; 0         ; 0    ; 0            ; |M3|host_io:inst                     ;              ;
;    |host_itf:inst1|        ; 641 (641)         ; 458 (458)    ; 0           ; 0            ; 0       ; 0         ; 0    ; 0            ; |M3|host_itf:inst1                   ;              ;
;    |lcd_demo:inst8|        ; 99 (99)           ; 29 (29)      ; 0           ; 0            ; 0       ; 0         ; 0    ; 0            ; |M3|lcd_demo:inst8                   ;              ;
;    |led_demo:inst3|        ; 145 (0)           ; 87 (0)       ; 0           ; 0            ; 0       ; 0         ; 0    ; 0            ; |M3|led_demo:inst3                   ;              ;
;       |led_clk_gen:b1|     ; 75 (75)           ; 78 (78)      ; 0           ; 0            ; 0       ; 0         ; 0    ; 0            ; |M3|led_demo:inst3|led_clk_gen:b1    ;              ;
;       |led_pwm_gen:b2|     ; 70 (70)           ; 9 (9)        ; 0           ; 0            ; 0       ; 0         ; 0    ; 0            ; |M3|led_demo:inst3|led_pwm_gen:b2    ;              ;
;    |seg_test:inst4|        ; 177 (177)         ; 72 (72)      ; 0           ; 0            ; 0       ; 0         ; 0    ; 0            ; |M3|seg_test:inst4                   ;              ;
+----------------------------+-------------------+--------------+-------------+--------------+---------+-----------+------+--------------+--------------------------------------+--------------+
Note: For table entries with two numbers listed, the numbers in parentheses indicate the number of resources of the given type used by the specific entity alone. The numbers listed outside of parentheses indicate the total resources of the given type used by the specific entity and all of its sub-entities in the hierarchy.


Encoding Type:  One-Hot
+------------------------------------------------------------------------------------------------------------------------------------------------------------------------------+
; State Machine - |M3|lcd_demo:inst8|lcd_routine                                                                                                                               ;
+--------------------------+------------------------+------------------------+---------------------+------------------------+--------------------------+-----------------------+
; Name                     ; lcd_routine.DISP_LINE2 ; lcd_routine.DISP_LINE1 ; lcd_routine.DISP_ON ; lcd_routine.ENTRY_MODE ; lcd_routine.FUNCTION_SET ; lcd_routine.DELAY_20M ;
+--------------------------+------------------------+------------------------+---------------------+------------------------+--------------------------+-----------------------+
; lcd_routine.DELAY_20M    ; 0                      ; 0                      ; 0                   ; 0                      ; 0                        ; 0                     ;
; lcd_routine.FUNCTION_SET ; 0                      ; 0                      ; 0                   ; 0                      ; 1                        ; 1                     ;
; lcd_routine.ENTRY_MODE   ; 0                      ; 0                      ; 0                   ; 1                      ; 0                        ; 1                     ;
; lcd_routine.DISP_ON      ; 0                      ; 0                      ; 1                   ; 0                      ; 0                        ; 1                     ;
; lcd_routine.DISP_LINE1   ; 0                      ; 1                      ; 0                   ; 0                      ; 0                        ; 1                     ;
; lcd_routine.DISP_LINE2   ; 1                      ; 0                      ; 0                   ; 0                      ; 0                        ; 1                     ;
+--------------------------+------------------------+------------------------+---------------------+------------------------+--------------------------+-----------------------+


Encoding Type:  One-Hot
+-------------------------------------------------------------------------------------+
; State Machine - |M3|host_itf:inst1|LED_STATE                                        ;
+---------------------+--------------------+--------------------+---------------------+
; Name                ; LED_STATE.LED_STOP ; LED_STATE.LED_DONE ; LED_STATE.LED_START ;
+---------------------+--------------------+--------------------+---------------------+
; LED_STATE.LED_STOP  ; 0                  ; 0                  ; 0                   ;
; LED_STATE.LED_START ; 1                  ; 0                  ; 1                   ;
; LED_STATE.LED_DONE  ; 1                  ; 1                  ; 0                   ;
+---------------------+--------------------+--------------------+---------------------+


Encoding Type:  One-Hot
+------------------------------------------------------------------------------------+
; State Machine - |M3|host_itf:inst1|state                                           ;
+-----------------+-----------------+---------------+---------------+----------------+
; Name            ; state.SEG_READY ; state.SEG_RUN ; state.SEG_SET ; state.SEG_IDLE ;
+-----------------+-----------------+---------------+---------------+----------------+
; state.SEG_IDLE  ; 0               ; 0             ; 0             ; 0              ;
; state.SEG_SET   ; 0               ; 0             ; 1             ; 1              ;
; state.SEG_RUN   ; 0               ; 1             ; 0             ; 1              ;
; state.SEG_READY ; 1               ; 0             ; 0             ; 1              ;
+-----------------+-----------------+---------------+---------------+----------------+


+-------------------------------------------------------------------------------------------------------+
; Registers Removed During Synthesis                                                                    ;
+---------------------------------------------+---------------------------------------------------------+
; Register name                               ; Reason for Removal                                      ;
+---------------------------------------------+---------------------------------------------------------+
; seg_test:inst4|seg_disp[0]                  ; Stuck at GND due to stuck port data_in                  ;
; host_itf:inst1|SEG_DATA[0]                  ; Stuck at GND due to stuck port data_in                  ;
; led_demo:inst3|led_clk_gen:b1|led5[0]       ; Merged with led_demo:inst3|led_clk_gen:b1|led4[0]       ;
; led_demo:inst3|led_clk_gen:b1|led8[6]       ; Merged with led_demo:inst3|led_clk_gen:b1|led8[7]       ;
; dotmatrix_test:inst6|dot_data[9][0]         ; Merged with dotmatrix_test:inst6|dot_data[9][6]         ;
; dotmatrix_test:inst6|dot_data[8][0]         ; Merged with dotmatrix_test:inst6|dot_data[8][6]         ;
; dotmatrix_test:inst6|dot_data[7][0]         ; Merged with dotmatrix_test:inst6|dot_data[7][6]         ;
; dotmatrix_test:inst6|dot_data[6][0]         ; Merged with dotmatrix_test:inst6|dot_data[6][6]         ;
; dotmatrix_test:inst6|dot_data[5][0]         ; Merged with dotmatrix_test:inst6|dot_data[5][6]         ;
; dotmatrix_test:inst6|dot_data[4][0]         ; Merged with dotmatrix_test:inst6|dot_data[4][6]         ;
; dotmatrix_test:inst6|dot_data[3][0]         ; Merged with dotmatrix_test:inst6|dot_data[3][6]         ;
; dotmatrix_test:inst6|dot_data[2][0]         ; Merged with dotmatrix_test:inst6|dot_data[2][6]         ;
; dotmatrix_test:inst6|dot_data[1][0]         ; Merged with dotmatrix_test:inst6|dot_data[1][6]         ;
; dotmatrix_test:inst6|dot_data[0][0]         ; Merged with dotmatrix_test:inst6|dot_data[0][6]         ;
; dotmatrix_test:inst6|dot_disp:b1|dot_d[6]   ; Merged with dotmatrix_test:inst6|dot_disp:b1|dot_d[0]   ;
; dotmatrix_test:inst6|dot_data[9][6]         ; Stuck at GND due to stuck port data_in                  ;
; dotmatrix_test:inst6|dot_data[8][6]         ; Stuck at GND due to stuck port data_in                  ;
; dotmatrix_test:inst6|dot_data[7][6]         ; Stuck at GND due to stuck port data_in                  ;
; dotmatrix_test:inst6|dot_data[6][6]         ; Stuck at GND due to stuck port data_in                  ;
; dotmatrix_test:inst6|dot_data[5][6]         ; Stuck at GND due to stuck port data_in                  ;
; dotmatrix_test:inst6|dot_data[4][6]         ; Stuck at GND due to stuck port data_in                  ;
; dotmatrix_test:inst6|dot_data[3][6]         ; Stuck at GND due to stuck port data_in                  ;
; dotmatrix_test:inst6|dot_data[2][6]         ; Stuck at GND due to stuck port data_in                  ;
; dotmatrix_test:inst6|dot_data[1][6]         ; Stuck at GND due to stuck port data_in                  ;
; dotmatrix_test:inst6|dot_data[0][6]         ; Stuck at GND due to stuck port data_in                  ;
; dotmatrix_test:inst6|dot_disp:b1|dot_d[0]   ; Stuck at GND due to stuck port data_in                  ;
; seg_test:inst4|sec_h[3]                     ; Stuck at GND due to stuck port data_in                  ;
; seg_test:inst4|sec_g[0,3]                   ; Stuck at GND due to stuck port data_in                  ;
; seg_test:inst4|sec_h[0]                     ; Stuck at GND due to stuck port data_in                  ;
; seg_test:inst4|sec_h[1,2]                   ; Stuck at GND due to stuck port clock_enable             ;
; seg_test:inst4|sec_g[2]                     ; Merged with seg_test:inst4|sec_g[1]                     ;
; lcd_demo:inst8|lcd_routine~9                ; Lost fanout                                             ;
; lcd_demo:inst8|lcd_routine~10               ; Lost fanout                                             ;
; lcd_demo:inst8|lcd_routine~11               ; Lost fanout                                             ;
; host_itf:inst1|state~6                      ; Lost fanout                                             ;
; host_itf:inst1|state~7                      ; Lost fanout                                             ;
; host_itf:inst1|state~8                      ; Lost fanout                                             ;
; seg_test:inst4|cnt[0]                       ; Merged with dotmatrix_test:inst6|dot_disp:b1|cnt_clk[0] ;
; dotmatrix_test:inst6|cnt_clk[0]             ; Merged with dotmatrix_test:inst6|dot_disp:b1|cnt_clk[0] ;
; CLK_div_gen:inst2|CNT_3KHz[0]               ; Merged with CLK_div_gen:inst2|CNT_1KHz[0]               ;
; host_itf:inst1|my_clk_cnt[0]                ; Merged with host_itf:inst1|CNT_1Hz[0]                   ;
; dotmatrix_test:inst6|cnt_clk[1]             ; Merged with seg_test:inst4|cnt[1]                       ;
; host_itf:inst1|my_clk_cnt[1]                ; Merged with host_itf:inst1|CNT_1Hz[1]                   ;
; led_demo:inst3|led_clk_gen:b1|clk_cnt[2..7] ; Lost fanout                                             ;
; Total Number of Removed Registers = 51      ;                                                         ;
+---------------------------------------------+---------------------------------------------------------+


+---------------------------------------------------------------------------------------------------------------------------------------------+
; Removed Registers Triggering Further Register Optimizations                                                                                 ;
+-------------------------------------+---------------------------+---------------------------------------------------------------------------+
; Register name                       ; Reason for Removal        ; Registers Removed due to This Register                                    ;
+-------------------------------------+---------------------------+---------------------------------------------------------------------------+
; dotmatrix_test:inst6|dot_data[9][6] ; Stuck at GND              ; dotmatrix_test:inst6|dot_data[8][6], dotmatrix_test:inst6|dot_data[7][6], ;
;                                     ; due to stuck port data_in ; dotmatrix_test:inst6|dot_data[6][6], dotmatrix_test:inst6|dot_data[5][6], ;
;                                     ;                           ; dotmatrix_test:inst6|dot_data[4][6], dotmatrix_test:inst6|dot_data[3][6], ;
;                                     ;                           ; dotmatrix_test:inst6|dot_data[2][6], dotmatrix_test:inst6|dot_data[1][6], ;
;                                     ;                           ; dotmatrix_test:inst6|dot_data[0][6]                                       ;
; seg_test:inst4|sec_g[3]             ; Stuck at GND              ; seg_test:inst4|sec_h[0], seg_test:inst4|sec_h[1], seg_test:inst4|sec_h[2] ;
;                                     ; due to stuck port data_in ;                                                                           ;
+-------------------------------------+---------------------------+---------------------------------------------------------------------------+


+------------------------------------------------------+
; General Register Statistics                          ;
+----------------------------------------------+-------+
; Statistic                                    ; Value ;
+----------------------------------------------+-------+
; Total registers                              ; 843   ;
; Number of registers using Synchronous Clear  ; 48    ;
; Number of registers using Synchronous Load   ; 88    ;
; Number of registers using Asynchronous Clear ; 819   ;
; Number of registers using Asynchronous Load  ; 0     ;
; Number of registers using Clock Enable       ; 401   ;
; Number of registers using Preset             ; 0     ;
+----------------------------------------------+-------+


+----------------------------------------------------+
; Inverted Register Statistics                       ;
+------------------------------------------+---------+
; Inverted Register                        ; Fan out ;
+------------------------------------------+---------+
; dotmatrix_test:inst6|dot_disp:b1|scan[0] ; 2       ;
; seg_test:inst4|sec_f[0]                  ; 13      ;
; seg_test:inst4|sec_b[0]                  ; 14      ;
; led_demo:inst3|led_clk_gen:b1|iclk       ; 66      ;
; host_itf:inst1|V_SEL                     ; 2       ;
; Total number of inverted registers = 5   ;         ;
+------------------------------------------+---------+


+-----------------------------------------------------------------------------------------------------------------------------------------------------------------------------+
; Multiplexer Restructuring Statistics (Restructuring Performed)                                                                                                              ;
+--------------------+-----------+---------------+----------------------+------------------------+-----------------------------------------------+----------------------------+
; Multiplexer Inputs ; Bus Width ; Baseline Area ; Area if Restructured ; Saving if Restructured ; Registered                                    ; Example Multiplexer Output ;
+--------------------+-----------+---------------+----------------------+------------------------+-----------------------------------------------+----------------------------+
; 3:1                ; 32 bits   ; 64 LEs        ; 32 LEs               ; 32 LEs                 ; |M3|host_itf:inst1|seg_clk_cnt[0]             ;                            ;
; 3:1                ; 32 bits   ; 64 LEs        ; 64 LEs               ; 0 LEs                  ; |M3|host_itf:inst1|clk_cnt[3]                 ;                            ;
; 4:1                ; 5 bits    ; 10 LEs        ; 5 LEs                ; 5 LEs                  ; |M3|lcd_demo:inst8|cnt_delay_20m[3]           ;                            ;
; 4:1                ; 5 bits    ; 10 LEs        ; 5 LEs                ; 5 LEs                  ; |M3|lcd_demo:inst8|cnt_line[4]                ;                            ;
; 4:1                ; 4 bits    ; 8 LEs         ; 8 LEs                ; 0 LEs                  ; |M3|host_itf:inst1|sec_a[3]                   ;                            ;
; 4:1                ; 4 bits    ; 8 LEs         ; 8 LEs                ; 0 LEs                  ; |M3|host_itf:inst1|sec_b[3]                   ;                            ;
; 4:1                ; 4 bits    ; 8 LEs         ; 8 LEs                ; 0 LEs                  ; |M3|host_itf:inst1|sec_c[0]                   ;                            ;
; 4:1                ; 4 bits    ; 8 LEs         ; 8 LEs                ; 0 LEs                  ; |M3|host_itf:inst1|sec_d[3]                   ;                            ;
; 4:1                ; 4 bits    ; 8 LEs         ; 8 LEs                ; 0 LEs                  ; |M3|host_itf:inst1|sec_e[3]                   ;                            ;
; 4:1                ; 4 bits    ; 8 LEs         ; 8 LEs                ; 0 LEs                  ; |M3|host_itf:inst1|sec_f[0]                   ;                            ;
; 8:1                ; 15 bits   ; 75 LEs        ; 60 LEs               ; 15 LEs                 ; |M3|led_demo:inst3|led_clk_gen:b1|led7[2]     ;                            ;
; 8:1                ; 7 bits    ; 35 LEs        ; 28 LEs               ; 7 LEs                  ; |M3|host_itf:inst1|SEG_DATA[1]                ;                            ;
; 8:1                ; 7 bits    ; 35 LEs        ; 28 LEs               ; 7 LEs                  ; |M3|seg_test:inst4|seg_disp[5]                ;                            ;
; 5:1                ; 16 bits   ; 48 LEs        ; 32 LEs               ; 16 LEs                 ; |M3|host_itf:inst1|x8800_00F0[15]             ;                            ;
; 16:1               ; 5 bits    ; 50 LEs        ; 35 LEs               ; 15 LEs                 ; |M3|dotmatrix_test:inst6|dot_disp:b1|dot_d[5] ;                            ;
; 16:1               ; 46 bits   ; 460 LEs       ; 414 LEs              ; 46 LEs                 ; |M3|led_demo:inst3|led_clk_gen:b1|led2[5]     ;                            ;
; 23:1               ; 11 bits   ; 165 LEs       ; 165 LEs              ; 0 LEs                  ; |M3|host_itf:inst1|HDO[15]                    ;                            ;
; 25:1               ; 2 bits    ; 32 LEs        ; 32 LEs               ; 0 LEs                  ; |M3|host_itf:inst1|HDO[0]                     ;                            ;
; 25:1               ; 2 bits    ; 32 LEs        ; 32 LEs               ; 0 LEs                  ; |M3|host_itf:inst1|HDO[3]                     ;                            ;
; 4:1                ; 6 bits    ; 12 LEs        ; 12 LEs               ; 0 LEs                  ; |M3|host_itf:inst1|LED_ON1                    ;                            ;
; 6:1                ; 2 bits    ; 8 LEs         ; 4 LEs                ; 4 LEs                  ; |M3|lcd_demo:inst8|lcd_routine                ;                            ;
; 8:1                ; 2 bits    ; 10 LEs        ; 2 LEs                ; 8 LEs                  ; |M3|led_demo:inst3|led_pwm_gen:b2|shades[7]   ;                            ;
+--------------------+-----------+---------------+----------------------+------------------------+-----------------------------------------------+----------------------------+


+-------------------------------------------------------------+
; Parameter Settings for User Entity Instance: host_itf:inst1 ;
+-----------------+-------+-----------------------------------+
; Parameter Name  ; Value ; Type                              ;
+-----------------+-------+-----------------------------------+
; MAX_SEG_CLK_CNT ; 999   ; Signed Integer                    ;
; SEG_IDLE        ; 0     ; Signed Integer                    ;
; SEG_SET         ; 1     ; Signed Integer                    ;
; SEG_RUN         ; 2     ; Signed Integer                    ;
; SEG_READY       ; 3     ; Signed Integer                    ;
; LED_STOP        ; 0     ; Signed Integer                    ;
; LED_START       ; 1     ; Signed Integer                    ;
; LED_DONE        ; 2     ; Signed Integer                    ;
+-----------------+-------+-----------------------------------+
Note: In order to hide this table in the UI and the text report file, please set the "Show Parameter Settings in Synthesis Report" option in "Analysis and Synthesis Settings -> More Settings" to "Off".


+-------------------------------------------------------------+
; Parameter Settings for User Entity Instance: lcd_demo:inst8 ;
+----------------+-------+------------------------------------+
; Parameter Name ; Value ; Type                               ;
+----------------+-------+------------------------------------+
; CNT_MAX        ; 4     ; Signed Integer                     ;
; LCD_CHAR       ; 16    ; Signed Integer                     ;
; STABLE_DELAY   ; 19    ; Signed Integer                     ;
; DISPLAY_DELAY  ; 399   ; Signed Integer                     ;
; DELAY_20M      ; 0     ; Signed Integer                     ;
; FUNCTION_SET   ; 1     ; Signed Integer                     ;
; ENTRY_MODE     ; 2     ; Signed Integer                     ;
; DISP_ON        ; 3     ; Signed Integer                     ;
; DISP_LINE1     ; 4     ; Signed Integer                     ;
; DISP_LINE2     ; 5     ; Signed Integer                     ;
+----------------+-------+------------------------------------+
Note: In order to hide this table in the UI and the text report file, please set the "Show Parameter Settings in Synthesis Report" option in "Analysis and Synthesis Settings -> More Settings" to "Off".


+-------------------------------------------------------------+
; Parameter Settings for User Entity Instance: seg_test:inst4 ;
+----------------+-------+------------------------------------+
; Parameter Name ; Value ; Type                               ;
+----------------+-------+------------------------------------+
; MAX_CNT        ; 999   ; Signed Integer                     ;
+----------------+-------+------------------------------------+
Note: In order to hide this table in the UI and the text report file, please set the "Show Parameter Settings in Synthesis Report" option in "Analysis and Synthesis Settings -> More Settings" to "Off".


+-------------------------------+
; Elapsed Time Per Partition    ;
+----------------+--------------+
; Partition Name ; Elapsed Time ;
+----------------+--------------+
; Top            ; 00:00:03     ;
+----------------+--------------+


+-------------------------------+
; Analysis & Synthesis Messages ;
+-------------------------------+
Info: *******************************************************************
Info: Running Quartus II Analysis & Synthesis
    Info: Version 11.0 Build 157 04/27/2011 SJ Web Edition
    Info: Processing started: Sat Jun 13 21:39:17 2015
Info: Command: quartus_map --read_settings_files=on --write_settings_files=off M3 -c M3
Warning: Parallel compilation is not licensed and has been disabled
Info: Found 1 design units, including 1 entities, in source file m3.bdf
    Info: Found entity 1: M3
Info: Found 1 design units, including 1 entities, in source file fpga_if/led.v
    Info: Found entity 1: led_demo
Info: Found 1 design units, including 1 entities, in source file fpga_if/led_pwm_gen.v
    Info: Found entity 1: led_pwm_gen
Info: Found 1 design units, including 1 entities, in source file fpga_if/led_clk_gen.v
    Info: Found entity 1: led_clk_gen
Info: Found 1 design units, including 1 entities, in source file fpga_if/seg.v
    Info: Found entity 1: seg_test
Info: Found 1 design units, including 1 entities, in source file fpga_if/dotmatrix.v
    Info: Found entity 1: dotmatrix_test
Info: Found 1 design units, including 1 entities, in source file fpga_if/dot_disp.v
    Info: Found entity 1: dot_disp
Info: Found 1 design units, including 1 entities, in source file fpga_if/lcd.v
    Info: Found entity 1: lcd_demo
Info: Found 1 design units, including 1 entities, in source file fpga_if/logic_out.v
    Info: Found entity 1: Logic_out
Info: Found 1 design units, including 1 entities, in source file fpga_if/clk_div_gen.v
    Info: Found entity 1: CLK_div_gen
Info: Found 1 design units, including 1 entities, in source file fpga_if/data_cont.v
    Info: Found entity 1: data_CONT
Info: Found 1 design units, including 1 entities, in source file host_if/host_io.v
    Info: Found entity 1: host_io
Info: Found 1 design units, including 1 entities, in source file host_if/host_itf.v
    Info: Found entity 1: host_itf
Info: Elaborating entity "M3" for the top level hierarchy
Warning: Pin "SRAM_nOE" is missing source
Warning: Pin "SRAM_nWE" is missing source
Warning: Pin "SRAM_nCS" is missing source
Warning: Pin "SRAM_ADDR[17..0]" is missing source
Warning: Pin "SRAM_DATA[15..0]" is missing source
Warning: Pin "M_nRESET" not connected
Warning: Pin "XCLKOUT" not connected
Warning: Pin "CPLD_8" not connected
Warning: Pin "CPLD_1" not connected
Warning: Pin "XEINT8" not connected
Warning: Pin "STEP_A" not connected
Warning: Pin "STEP_nA" not connected
Warning: Pin "STEP_B" not connected
Warning: Pin "STEP_nB" not connected
Warning: Pin "GPJ4_0" not connected
Warning: Pin "GPJ4_1" not connected
Warning: Pin "GPJ4_2" not connected
Warning: Pin "GPJ4_3" not connected
Warning: Pin "GPJ4_4" not connected
Warning: Pin "GPJ1_5" not connected
Warning: Pin "SPI_DOUT" not connected
Warning: Pin "SPI_DIN" not connected
Warning: Pin "SPI_SCLK" not connected
Warning: Pin "SPI_DA_CS" not connected
Warning: Pin "SPI_AD_CS" not connected
Info: Elaborating entity "data_CONT" for hierarchy "data_CONT:inst5"
Info: Elaborating entity "CLK_div_gen" for hierarchy "CLK_div_gen:inst2"
Info: Elaborating entity "host_itf" for hierarchy "host_itf:inst1"
Warning (10036): Verilog HDL or VHDL warning at host_itf.v(551): object "LED_EN" assigned a value but never read
Warning (10240): Verilog HDL Always Construct warning at host_itf.v(83): inferring latch(es) for variable "x8800_0090", which holds its previous value in one or more paths through the always construct
Warning (10235): Verilog HDL Always Construct warning at host_itf.v(572): variable "LED_POS" is read inside the Always Construct but isn't in the Always Construct's Event Control
Warning (10235): Verilog HDL Always Construct warning at host_itf.v(586): variable "LED_DIR" is read inside the Always Construct but isn't in the Always Construct's Event Control
Warning (10235): Verilog HDL Always Construct warning at host_itf.v(587): variable "LED_ON" is read inside the Always Construct but isn't in the Always Construct's Event Control
Warning (10235): Verilog HDL Always Construct warning at host_itf.v(591): variable "LED_ON" is read inside the Always Construct but isn't in the Always Construct's Event Control
Warning (10235): Verilog HDL Always Construct warning at host_itf.v(593): variable "LED_DIR" is read inside the Always Construct but isn't in the Always Construct's Event Control
Warning (10235): Verilog HDL Always Construct warning at host_itf.v(594): variable "LED_ON" is read inside the Always Construct but isn't in the Always Construct's Event Control
Warning (10235): Verilog HDL Always Construct warning at host_itf.v(598): variable "LED_ON" is read inside the Always Construct but isn't in the Always Construct's Event Control
Info (10041): Inferred latch for "x8800_0090[0]" at host_itf.v(83)
Info (10041): Inferred latch for "x8800_0090[1]" at host_itf.v(83)
Info (10041): Inferred latch for "x8800_0090[2]" at host_itf.v(83)
Info (10041): Inferred latch for "x8800_0090[3]" at host_itf.v(83)
Info (10041): Inferred latch for "x8800_0090[4]" at host_itf.v(83)
Info (10041): Inferred latch for "x8800_0090[5]" at host_itf.v(83)
Info (10041): Inferred latch for "x8800_0090[6]" at host_itf.v(83)
Info (10041): Inferred latch for "x8800_0090[7]" at host_itf.v(83)
Info (10041): Inferred latch for "x8800_0090[8]" at host_itf.v(83)
Info (10041): Inferred latch for "x8800_0090[9]" at host_itf.v(83)
Info (10041): Inferred latch for "x8800_0090[10]" at host_itf.v(83)
Info (10041): Inferred latch for "x8800_0090[11]" at host_itf.v(83)
Info (10041): Inferred latch for "x8800_0090[12]" at host_itf.v(83)
Info (10041): Inferred latch for "x8800_0090[13]" at host_itf.v(83)
Info (10041): Inferred latch for "x8800_0090[14]" at host_itf.v(83)
Info (10041): Inferred latch for "x8800_0090[15]" at host_itf.v(83)
Info: Elaborating entity "host_io" for hierarchy "host_io:inst"
Info: Elaborating entity "lcd_demo" for hierarchy "lcd_demo:inst8"
Info: Elaborating entity "seg_test" for hierarchy "seg_test:inst4"
Info: Elaborating entity "dotmatrix_test" for hierarchy "dotmatrix_test:inst6"
Info: Elaborating entity "dot_disp" for hierarchy "dotmatrix_test:inst6|dot_disp:b1"
Info: Elaborating entity "led_demo" for hierarchy "led_demo:inst3"
Info: Elaborating entity "led_clk_gen" for hierarchy "led_demo:inst3|led_clk_gen:b1"
Info: Elaborating entity "led_pwm_gen" for hierarchy "led_demo:inst3|led_pwm_gen:b2"
Info: Registers with preset signals will power-up high
Info: DEV_CLRn pin will set, and not reset, register with preset signal due to NOT Gate Push-Back
Warning: Output pins are stuck at VCC or GND
    Warning (13410): Pin "SRAM_nOE" is stuck at GND
    Warning (13410): Pin "SRAM_nWE" is stuck at GND
    Warning (13410): Pin "SRAM_nCS" is stuck at GND
    Warning (13410): Pin "seg_disp[0]" is stuck at GND
    Warning (13410): Pin "SRAM_ADDR[17]" is stuck at GND
    Warning (13410): Pin "SRAM_ADDR[16]" is stuck at GND
    Warning (13410): Pin "SRAM_ADDR[15]" is stuck at GND
    Warning (13410): Pin "SRAM_ADDR[14]" is stuck at GND
    Warning (13410): Pin "SRAM_ADDR[13]" is stuck at GND
    Warning (13410): Pin "SRAM_ADDR[12]" is stuck at GND
    Warning (13410): Pin "SRAM_ADDR[11]" is stuck at GND
    Warning (13410): Pin "SRAM_ADDR[10]" is stuck at GND
    Warning (13410): Pin "SRAM_ADDR[9]" is stuck at GND
    Warning (13410): Pin "SRAM_ADDR[8]" is stuck at GND
    Warning (13410): Pin "SRAM_ADDR[7]" is stuck at GND
    Warning (13410): Pin "SRAM_ADDR[6]" is stuck at GND
    Warning (13410): Pin "SRAM_ADDR[5]" is stuck at GND
    Warning (13410): Pin "SRAM_ADDR[4]" is stuck at GND
    Warning (13410): Pin "SRAM_ADDR[3]" is stuck at GND
    Warning (13410): Pin "SRAM_ADDR[2]" is stuck at GND
    Warning (13410): Pin "SRAM_ADDR[1]" is stuck at GND
    Warning (13410): Pin "SRAM_ADDR[0]" is stuck at GND
    Warning (13410): Pin "SRAM_DATA[15]" is stuck at GND
    Warning (13410): Pin "SRAM_DATA[14]" is stuck at GND
    Warning (13410): Pin "SRAM_DATA[13]" is stuck at GND
    Warning (13410): Pin "SRAM_DATA[12]" is stuck at GND
    Warning (13410): Pin "SRAM_DATA[11]" is stuck at GND
    Warning (13410): Pin "SRAM_DATA[10]" is stuck at GND
    Warning (13410): Pin "SRAM_DATA[9]" is stuck at GND
    Warning (13410): Pin "SRAM_DATA[8]" is stuck at GND
    Warning (13410): Pin "SRAM_DATA[7]" is stuck at GND
    Warning (13410): Pin "SRAM_DATA[6]" is stuck at GND
    Warning (13410): Pin "SRAM_DATA[5]" is stuck at GND
    Warning (13410): Pin "SRAM_DATA[4]" is stuck at GND
    Warning (13410): Pin "SRAM_DATA[3]" is stuck at GND
    Warning (13410): Pin "SRAM_DATA[2]" is stuck at GND
    Warning (13410): Pin "SRAM_DATA[1]" is stuck at GND
    Warning (13410): Pin "SRAM_DATA[0]" is stuck at GND
Info: 12 registers lost all their fanouts during netlist optimizations. The first 12 are displayed below.
    Info: Register "lcd_demo:inst8|lcd_routine~9" lost all its fanouts during netlist optimizations.
    Info: Register "lcd_demo:inst8|lcd_routine~10" lost all its fanouts during netlist optimizations.
    Info: Register "lcd_demo:inst8|lcd_routine~11" lost all its fanouts during netlist optimizations.
    Info: Register "host_itf:inst1|state~6" lost all its fanouts during netlist optimizations.
    Info: Register "host_itf:inst1|state~7" lost all its fanouts during netlist optimizations.
    Info: Register "host_itf:inst1|state~8" lost all its fanouts during netlist optimizations.
    Info: Register "led_demo:inst3|led_clk_gen:b1|clk_cnt[2]" lost all its fanouts during netlist optimizations.
    Info: Register "led_demo:inst3|led_clk_gen:b1|clk_cnt[3]" lost all its fanouts during netlist optimizations.
    Info: Register "led_demo:inst3|led_clk_gen:b1|clk_cnt[4]" lost all its fanouts during netlist optimizations.
    Info: Register "led_demo:inst3|led_clk_gen:b1|clk_cnt[5]" lost all its fanouts during netlist optimizations.
    Info: Register "led_demo:inst3|led_clk_gen:b1|clk_cnt[6]" lost all its fanouts during netlist optimizations.
    Info: Register "led_demo:inst3|led_clk_gen:b1|clk_cnt[7]" lost all its fanouts during netlist optimizations.
Info: Generating hard_block partition "hard_block:auto_generated_inst"
Warning: Design contains 21 input pin(s) that do not drive logic
    Warning (15610): No output dependent on input pin "XM0_ADDR[20]"
    Warning (15610): No output dependent on input pin "M_nRESET"
    Warning (15610): No output dependent on input pin "XCLKOUT"
    Warning (15610): No output dependent on input pin "CPLD_8"
    Warning (15610): No output dependent on input pin "CPLD_1"
    Warning (15610): No output dependent on input pin "XEINT8"
    Warning (15610): No output dependent on input pin "STEP_A"
    Warning (15610): No output dependent on input pin "STEP_nA"
    Warning (15610): No output dependent on input pin "STEP_B"
    Warning (15610): No output dependent on input pin "STEP_nB"
    Warning (15610): No output dependent on input pin "GPJ4_0"
    Warning (15610): No output dependent on input pin "GPJ4_1"
    Warning (15610): No output dependent on input pin "GPJ4_2"
    Warning (15610): No output dependent on input pin "GPJ4_3"
    Warning (15610): No output dependent on input pin "GPJ4_4"
    Warning (15610): No output dependent on input pin "GPJ1_5"
    Warning (15610): No output dependent on input pin "SPI_DOUT"
    Warning (15610): No output dependent on input pin "SPI_DIN"
    Warning (15610): No output dependent on input pin "SPI_SCLK"
    Warning (15610): No output dependent on input pin "SPI_DA_CS"
    Warning (15610): No output dependent on input pin "SPI_AD_CS"
Info: Implemented 1858 device resources after synthesis - the final resource count might be different
    Info: Implemented 71 input pins
    Info: Implemented 92 output pins
    Info: Implemented 16 bidirectional pins
    Info: Implemented 1679 logic cells
Info: Quartus II Analysis & Synthesis was successful. 0 errors, 96 warnings
    Info: Peak virtual memory: 271 megabytes
    Info: Processing ended: Sat Jun 13 21:39:21 2015
    Info: Elapsed time: 00:00:04
    Info: Total CPU time (on all processors): 00:00:04


